#
# There is insufficient memory for the Java Runtime Environment to continue.
# Native memory allocation (malloc) failed to allocate 1702256 bytes for Chunk::new
# Possible reasons:
#   The system is out of physical RAM or swap space
#   The process is running with CompressedOops enabled, and the Java Heap may be blocking the growth of the native heap
# Possible solutions:
#   Reduce memory load on the system
#   Increase physical memory or swap space
#   Check if swap backing store is full
#   Decrease Java heap size (-Xmx/-Xms)
#   Decrease number of Java threads
#   Decrease Java thread stack sizes (-Xss)
#   Set larger code cache with -XX:ReservedCodeCacheSize=
#   JVM is running with Unscaled Compressed Oops mode in which the Java heap is
#     placed in the first 4GB address space. The Java Heap base address is the
#     maximum limit for the native heap growth. Please use -XX:HeapBaseMinAddress
#     to set the Java Heap base and to place the Java Heap above 4GB virtual address.
# This output file may be truncated or incomplete.
#
#  Out of Memory Error (arena.cpp:189), pid=12580, tid=8768
#
# JRE version: OpenJDK Runtime Environment Temurin-17.0.8.1+1 (17.0.8.1+1) (build 17.0.8.1+1)
# Java VM: OpenJDK 64-Bit Server VM Temurin-17.0.8.1+1 (17.0.8.1+1, mixed mode, tiered, compressed oops, compressed class ptrs, parallel gc, windows-amd64)
# No core dump will be written. Minidumps are not enabled by default on client versions of Windows
#

---------------  S U M M A R Y ------------

Command Line: --add-modules=ALL-SYSTEM --add-opens=java.base/java.util=ALL-UNNAMED --add-opens=java.base/java.lang=ALL-UNNAMED --add-opens=java.base/sun.nio.fs=ALL-UNNAMED -Declipse.application=org.eclipse.jdt.ls.core.id1 -Dosgi.bundles.defaultStartLevel=4 -Declipse.product=org.eclipse.jdt.ls.core.product -Djava.import.generatesMetadataFilesAtProjectRoot=false -DDetectVMInstallationsJob.disabled=true -Dfile.encoding=utf8 -XX:+UseParallelGC -XX:GCTimeRatio=4 -XX:AdaptiveSizePolicyWeight=90 -Dsun.zip.disableMemoryMapping=true -Xmx1G -Xms100m -Xlog:disable -javaagent:c:\Users\thoma\.vscode\extensions\redhat.java-1.24.0-win32-x64\lombok\lombok-1.18.30.jar -XX:+HeapDumpOnOutOfMemoryError -XX:HeapDumpPath=c:\Users\thoma\AppData\Roaming\Code\User\workspaceStorage\ea53d0322363804a2e7dc3329d27c046\redhat.java -Daether.dependencyCollector.impl=bf c:\Users\thoma\.vscode\extensions\redhat.java-1.24.0-win32-x64\server\plugins\org.eclipse.equinox.launcher_1.6.500.v20230717-2134.jar -configuration c:\Users\thoma\AppData\Roaming\Code\User\globalStorage\redhat.java\1.24.0\config_win -data c:\Users\thoma\AppData\Roaming\Code\User\workspaceStorage\ea53d0322363804a2e7dc3329d27c046\redhat.java\jdt_ws --stdio

Host: AMD Ryzen 3 3250U with Radeon Graphics         , 4 cores, 5G,  Windows 11 , 64 bit Build 22621 (10.0.22621.2428)
Time: Fri Nov 17 01:27:22 2023 Eastern Standard Time elapsed time: 27.152714 seconds (0d 0h 0m 27s)

---------------  T H R E A D  ---------------

Current thread (0x000001e497984810):  JavaThread "C2 CompilerThread1" daemon [_thread_in_native, id=8768, stack(0x0000007b7a900000,0x0000007b7aa00000)]


Current CompileTask:
C2:  27153 4656   !   4       org.eclipse.osgi.internal.loader.BundleLoader::findClass0 (466 bytes)

Stack: [0x0000007b7a900000,0x0000007b7aa00000]
Native frames: (J=compiled Java code, j=interpreted, Vv=VM code, C=native code)
V  [jvm.dll+0x678b0a]
V  [jvm.dll+0x835e84]
V  [jvm.dll+0x83762e]
V  [jvm.dll+0x837c93]
V  [jvm.dll+0x24746f]
V  [jvm.dll+0xac20c]
V  [jvm.dll+0xac7dc]
V  [jvm.dll+0x365c52]
V  [jvm.dll+0x3301a1]
V  [jvm.dll+0x32f64a]
V  [jvm.dll+0x219bf1]
V  [jvm.dll+0x219011]
V  [jvm.dll+0x1a534d]
V  [jvm.dll+0x228d8a]
V  [jvm.dll+0x226dcc]
V  [jvm.dll+0x7ec09b]
V  [jvm.dll+0x7e64ca]
V  [jvm.dll+0x677955]
C  [ucrtbase.dll+0x29363]
C  [KERNEL32.DLL+0x1257d]
C  [ntdll.dll+0x5aa78]


---------------  P R O C E S S  ---------------

Threads class SMR info:
_java_thread_list=0x000001e497e59e10, length=28, elements={
0x000001e4fb2a8810, 0x000001e4911af020, 0x000001e4911b0380, 0x000001e4fb35e500,
0x000001e4911daf10, 0x000001e4911dbad0, 0x000001e4911dc690, 0x000001e4911df490,
0x000001e4911e0630, 0x000001e496373450, 0x000001e4963ef450, 0x000001e49671e280,
0x000001e4970a4530, 0x000001e497083cd0, 0x000001e4970845b0, 0x000001e49682caa0,
0x000001e496a39d10, 0x000001e496a383c0, 0x000001e496a38de0, 0x000001e496a3a220,
0x000001e496a3ac40, 0x000001e497984810, 0x000001e496a392f0, 0x000001e496a39800,
0x000001e496a3a730, 0x000001e496a3b150, 0x000001e496a37eb0, 0x000001e498c22af0
}

Java Threads: ( => current thread )
  0x000001e4fb2a8810 JavaThread "main" [_thread_blocked, id=12776, stack(0x0000007b78e00000,0x0000007b78f00000)]
  0x000001e4911af020 JavaThread "Reference Handler" daemon [_thread_blocked, id=16128, stack(0x0000007b79100000,0x0000007b79200000)]
  0x000001e4911b0380 JavaThread "Finalizer" daemon [_thread_blocked, id=15040, stack(0x0000007b79200000,0x0000007b79300000)]
  0x000001e4fb35e500 JavaThread "Signal Dispatcher" daemon [_thread_blocked, id=2268, stack(0x0000007b79300000,0x0000007b79400000)]
  0x000001e4911daf10 JavaThread "Attach Listener" daemon [_thread_blocked, id=3436, stack(0x0000007b79400000,0x0000007b79500000)]
  0x000001e4911dbad0 JavaThread "Service Thread" daemon [_thread_blocked, id=11260, stack(0x0000007b79500000,0x0000007b79600000)]
  0x000001e4911dc690 JavaThread "Monitor Deflation Thread" daemon [_thread_blocked, id=2436, stack(0x0000007b79600000,0x0000007b79700000)]
  0x000001e4911df490 JavaThread "C2 CompilerThread0" daemon [_thread_in_native, id=5200, stack(0x0000007b79700000,0x0000007b79800000)]
  0x000001e4911e0630 JavaThread "C1 CompilerThread0" daemon [_thread_in_vm, id=7972, stack(0x0000007b79800000,0x0000007b79900000)]
  0x000001e496373450 JavaThread "Sweeper thread" daemon [_thread_blocked, id=4524, stack(0x0000007b79900000,0x0000007b79a00000)]
  0x000001e4963ef450 JavaThread "Common-Cleaner" daemon [_thread_blocked, id=1456, stack(0x0000007b79a00000,0x0000007b79b00000)]
  0x000001e49671e280 JavaThread "Notification Thread" daemon [_thread_blocked, id=6956, stack(0x0000007b79b00000,0x0000007b79c00000)]
  0x000001e4970a4530 JavaThread "Active Thread: Equinox Container: f62d1c7f-87fb-4832-8c20-d16c2d87af5a" [_thread_blocked, id=9172, stack(0x0000007b7a000000,0x0000007b7a100000)]
  0x000001e497083cd0 JavaThread "Framework Event Dispatcher: Equinox Container: f62d1c7f-87fb-4832-8c20-d16c2d87af5a" daemon [_thread_blocked, id=17264, stack(0x0000007b7a100000,0x0000007b7a200000)]
  0x000001e4970845b0 JavaThread "Start Level: Equinox Container: f62d1c7f-87fb-4832-8c20-d16c2d87af5a" daemon [_thread_blocked, id=7288, stack(0x0000007b7a200000,0x0000007b7a300000)]
  0x000001e49682caa0 JavaThread "Bundle File Closer" daemon [_thread_blocked, id=5972, stack(0x0000007b7a300000,0x0000007b7a400000)]
  0x000001e496a39d10 JavaThread "SCR Component Actor" daemon [_thread_blocked, id=3396, stack(0x0000007b7a400000,0x0000007b7a500000)]
  0x000001e496a383c0 JavaThread "SCR Component Registry" daemon [_thread_blocked, id=1484, stack(0x0000007b7a500000,0x0000007b7a600000)]
  0x000001e496a38de0 JavaThread "Worker-JM" [_thread_blocked, id=10084, stack(0x0000007b7a600000,0x0000007b7a700000)]
  0x000001e496a3a220 JavaThread "Worker-0: Repository registry initialization" [_thread_blocked, id=16580, stack(0x0000007b7a700000,0x0000007b7a800000)]
  0x000001e496a3ac40 JavaThread "Worker-1: Updating Maven Dependencies" [_thread_in_native, id=8528, stack(0x0000007b7a800000,0x0000007b7a900000)]
=>0x000001e497984810 JavaThread "C2 CompilerThread1" daemon [_thread_in_native, id=8768, stack(0x0000007b7a900000,0x0000007b7aa00000)]
  0x000001e496a392f0 JavaThread "Java indexing" daemon [_thread_blocked, id=16760, stack(0x0000007b7aa00000,0x0000007b7ab00000)]
  0x000001e496a39800 JavaThread "Worker-2" [_thread_blocked, id=1392, stack(0x0000007b7ab00000,0x0000007b7ac00000)]
  0x000001e496a3a730 JavaThread "Worker-3" [_thread_blocked, id=2544, stack(0x0000007b7ac00000,0x0000007b7ad00000)]
  0x000001e496a3b150 JavaThread "pool-2-thread-1" [_thread_blocked, id=3740, stack(0x0000007b7ad00000,0x0000007b7ae00000)]
  0x000001e496a37eb0 JavaThread "WorkspaceEventsHandler" [_thread_blocked, id=9436, stack(0x0000007b7ae00000,0x0000007b7af00000)]
  0x000001e498c22af0 JavaThread "pool-1-thread-1" [_thread_blocked, id=9056, stack(0x0000007b7af00000,0x0000007b7b000000)]

Other Threads:
  0x000001e491198970 VMThread "VM Thread" [stack: 0x0000007b79000000,0x0000007b79100000] [id=12460]
  0x000001e49671e760 WatcherThread [stack: 0x0000007b79c00000,0x0000007b79d00000] [id=15156]
  0x000001e4fb2be390 GCTaskThread "GC Thread#0" [stack: 0x0000007b78f00000,0x0000007b79000000] [id=12312]
  0x000001e496c20400 GCTaskThread "GC Thread#1" [stack: 0x0000007b79d00000,0x0000007b79e00000] [id=15548]
  0x000001e496c206c0 GCTaskThread "GC Thread#2" [stack: 0x0000007b79e00000,0x0000007b79f00000] [id=16500]
  0x000001e496c306c0 GCTaskThread "GC Thread#3" [stack: 0x0000007b79f00000,0x0000007b7a000000] [id=6056]

Threads with active compile tasks:
C2 CompilerThread0    27204 4665       4       org.eclipse.osgi.internal.loader.ModuleClassLoader::loadClass (36 bytes)
C2 CompilerThread1    27204 4656   !   4       org.eclipse.osgi.internal.loader.BundleLoader::findClass0 (466 bytes)

VM state: not at safepoint (normal execution)

VM Mutex/Monitor currently owned by a thread: None

Heap address: 0x00000000c0000000, size: 1024 MB, Compressed Oops mode: 32-bit

CDS archive(s) not mapped
Compressed class space mapped at: 0x0000000100000000-0x0000000140000000, reserved size: 1073741824
Narrow klass base: 0x0000000000000000, Narrow klass shift: 3, Narrow klass range: 0x140000000

GC Precious Log:
 CPUs: 4 total, 4 available
 Memory: 6023M
 Large Page Support: Disabled
 NUMA Support: Disabled
 Compressed Oops: Enabled (32-bit)
 Alignments: Space 512K, Generation 512K, Heap 2M
 Heap Min Capacity: 100M
 Heap Initial Capacity: 100M
 Heap Max Capacity: 1G
 Pre-touch: Disabled
 Parallel Workers: 4

Heap:
 PSYoungGen      total 23040K, used 20799K [0x00000000eab00000, 0x00000000ec680000, 0x0000000100000000)
  eden space 22016K, 90% used [0x00000000eab00000,0x00000000ebe87e00,0x00000000ec080000)
  from space 1024K, 78% used [0x00000000ec500000,0x00000000ec5c8000,0x00000000ec600000)
  to   space 512K, 0% used [0x00000000ec600000,0x00000000ec600000,0x00000000ec680000)
 ParOldGen       total 68608K, used 15042K [0x00000000c0000000, 0x00000000c4300000, 0x00000000eab00000)
  object space 68608K, 21% used [0x00000000c0000000,0x00000000c0eb0ae0,0x00000000c4300000)
 Metaspace       used 45288K, committed 46208K, reserved 1114112K
  class space    used 4785K, committed 5184K, reserved 1048576K

Card table byte_map: [0x000001e4ff8e0000,0x000001e4ffaf0000] _byte_map_base: 0x000001e4ff2e0000

Marking Bits: (ParMarkBitMap*) 0x00007ffb776a83a0
 Begin Bits: [0x000001e48f000000, 0x000001e490000000)
 End Bits:   [0x000001e490000000, 0x000001e491000000)

Polling page: 0x000001e4fb360000

Metaspace:

Usage:
  Non-class:     39.55 MB used.
      Class:      4.67 MB used.
       Both:     44.23 MB used.

Virtual space:
  Non-class space:       64.00 MB reserved,      40.06 MB ( 63%) committed,  1 nodes.
      Class space:        1.00 GB reserved,       5.06 MB ( <1%) committed,  1 nodes.
             Both:        1.06 GB reserved,      45.12 MB (  4%) committed. 

Chunk freelists:
   Non-Class:  7.52 MB
       Class:  10.89 MB
        Both:  18.41 MB

MaxMetaspaceSize: unlimited
CompressedClassSpaceSize: 1.00 GB
Initial GC threshold: 21.00 MB
Current GC threshold: 58.38 MB
CDS: off
MetaspaceReclaimPolicy: balanced
 - commit_granule_bytes: 65536.
 - commit_granule_words: 8192.
 - virtual_space_node_default_size: 8388608.
 - enlarge_chunks_in_place: 1.
 - new_chunks_are_fully_committed: 0.
 - uncommit_free_chunks: 1.
 - use_allocation_guard: 0.
 - handle_deallocations: 1.


Internal statistics:

num_allocs_failed_limit: 6.
num_arena_births: 462.
num_arena_deaths: 14.
num_vsnodes_births: 2.
num_vsnodes_deaths: 0.
num_space_committed: 722.
num_space_uncommitted: 0.
num_chunks_returned_to_freelist: 20.
num_chunks_taken_from_freelist: 2037.
num_chunk_merges: 10.
num_chunk_splits: 1295.
num_chunks_enlarged: 834.
num_inconsistent_stats: 0.

CodeHeap 'non-profiled nmethods': size=120000Kb used=2306Kb max_used=2306Kb free=117693Kb
 bounds [0x000001e487ad0000, 0x000001e487d40000, 0x000001e48f000000]
CodeHeap 'profiled nmethods': size=120000Kb used=10344Kb max_used=10344Kb free=109655Kb
 bounds [0x000001e480000000, 0x000001e480a20000, 0x000001e487530000]
CodeHeap 'non-nmethods': size=5760Kb used=1277Kb max_used=1343Kb free=4482Kb
 bounds [0x000001e487530000, 0x000001e4877a0000, 0x000001e487ad0000]
 total_blobs=5322 nmethods=4720 adapters=516
 compilation: enabled
              stopped_count=0, restarted_count=0
 full_count=0

Compilation events (20 events):
Event: 26.963 Thread 0x000001e4911e0630 nmethod 4702 0x000001e480a0cb10 code [0x000001e480a0cca0, 0x000001e480a0cdf8]
Event: 26.965 Thread 0x000001e4911e0630 4703       3       com.google.common.collect.RegularImmutableList::listIterator (15 bytes)
Event: 26.966 Thread 0x000001e4911e0630 nmethod 4703 0x000001e480a0ce90 code [0x000001e480a0d040, 0x000001e480a0d188]
Event: 26.968 Thread 0x000001e4911e0630 4704       3       sun.reflect.annotation.TypeAnnotation$LocationInfo::filter (68 bytes)
Event: 26.969 Thread 0x000001e4911e0630 nmethod 4704 0x000001e480a0d290 code [0x000001e480a0d4c0, 0x000001e480a0dde8]
Event: 26.969 Thread 0x000001e4911e0630 4705       3       sun.reflect.annotation.TypeAnnotationParser::mapTypeAnnotations (128 bytes)
Event: 26.970 Thread 0x000001e4911e0630 nmethod 4705 0x000001e480a0e190 code [0x000001e480a0e4a0, 0x000001e480a0f518]
Event: 26.974 Thread 0x000001e4911e0630 4707       3       java.util.regex.Pattern$Node::study (21 bytes)
Event: 26.974 Thread 0x000001e4911e0630 nmethod 4707 0x000001e480a0fb90 code [0x000001e480a0fd40, 0x000001e480a0ff88]
Event: 27.133 Thread 0x000001e4911e0630 4708       3       java.util.Spliterators::checkFromToBounds (74 bytes)
Event: 27.135 Thread 0x000001e4911e0630 nmethod 4708 0x000001e480a10090 code [0x000001e480a10340, 0x000001e480a10d88]
Event: 27.136 Thread 0x000001e4911e0630 4709       3       java.util.Spliterators$ArraySpliterator::forEachRemaining (68 bytes)
Event: 27.137 Thread 0x000001e4911e0630 nmethod 4709 0x000001e480a11190 code [0x000001e480a11360, 0x000001e480a117d8]
Event: 27.141 Thread 0x000001e4911e0630 4711       3       java.lang.reflect.Executable::synthesizeAllParams (58 bytes)
Event: 27.142 Thread 0x000001e4911e0630 nmethod 4711 0x000001e480a11990 code [0x000001e480a11be0, 0x000001e480a12638]
Event: 27.142 Thread 0x000001e4911e0630 4712       3       com.google.common.collect.Lists::newArrayList (8 bytes)
Event: 27.142 Thread 0x000001e4911e0630 nmethod 4712 0x000001e480a12a10 code [0x000001e480a12bc0, 0x000001e480a12e98]
Event: 27.148 Thread 0x000001e4911e0630 4713       3       com.google.inject.spi.InjectionPoint$$Lambda$281/0x00000001004c92d8::test (8 bytes)
Event: 27.149 Thread 0x000001e4911e0630 nmethod 4713 0x000001e480a13010 code [0x000001e480a13220, 0x000001e480a13998]
Event: 27.149 Thread 0x000001e4911e0630 4714       3       com.google.inject.spi.InjectionPoint::lambda$forConstructorOf$0 (26 bytes)

GC Heap History (20 events):
Event: 22.104 GC heap before
{Heap before GC invocations=6 (full 1):
 PSYoungGen      total 29696K, used 4073K [0x00000000eab00000, 0x00000000ece00000, 0x0000000100000000)
  eden space 25600K, 0% used [0x00000000eab00000,0x00000000eab00000,0x00000000ec400000)
  from space 4096K, 99% used [0x00000000ec400000,0x00000000ec7fa690,0x00000000ec800000)
  to   space 5120K, 0% used [0x00000000ec900000,0x00000000ec900000,0x00000000ece00000)
 ParOldGen       total 68608K, used 6968K [0x00000000c0000000, 0x00000000c4300000, 0x00000000eab00000)
  object space 68608K, 10% used [0x00000000c0000000,0x00000000c06ce288,0x00000000c4300000)
 Metaspace       used 21041K, committed 21504K, reserved 1114112K
  class space    used 2115K, committed 2304K, reserved 1048576K
}
Event: 22.141 GC heap after
{Heap after GC invocations=6 (full 1):
 PSYoungGen      total 29696K, used 0K [0x00000000eab00000, 0x00000000ece00000, 0x0000000100000000)
  eden space 25600K, 0% used [0x00000000eab00000,0x00000000eab00000,0x00000000ec400000)
  from space 4096K, 0% used [0x00000000ec400000,0x00000000ec400000,0x00000000ec800000)
  to   space 5120K, 0% used [0x00000000ec900000,0x00000000ec900000,0x00000000ece00000)
 ParOldGen       total 68608K, used 10685K [0x00000000c0000000, 0x00000000c4300000, 0x00000000eab00000)
  object space 68608K, 15% used [0x00000000c0000000,0x00000000c0a6f658,0x00000000c4300000)
 Metaspace       used 21028K, committed 21504K, reserved 1114112K
  class space    used 2112K, committed 2304K, reserved 1048576K
}
Event: 23.202 GC heap before
{Heap before GC invocations=7 (full 1):
 PSYoungGen      total 29696K, used 25600K [0x00000000eab00000, 0x00000000ece00000, 0x0000000100000000)
  eden space 25600K, 100% used [0x00000000eab00000,0x00000000ec400000,0x00000000ec400000)
  from space 4096K, 0% used [0x00000000ec400000,0x00000000ec400000,0x00000000ec800000)
  to   space 5120K, 0% used [0x00000000ec900000,0x00000000ec900000,0x00000000ece00000)
 ParOldGen       total 68608K, used 10685K [0x00000000c0000000, 0x00000000c4300000, 0x00000000eab00000)
  object space 68608K, 15% used [0x00000000c0000000,0x00000000c0a6f658,0x00000000c4300000)
 Metaspace       used 24453K, committed 25024K, reserved 1114112K
  class space    used 2472K, committed 2688K, reserved 1048576K
}
Event: 23.207 GC heap after
{Heap after GC invocations=7 (full 1):
 PSYoungGen      total 26624K, used 1168K [0x00000000eab00000, 0x00000000eca80000, 0x0000000100000000)
  eden space 25088K, 0% used [0x00000000eab00000,0x00000000eab00000,0x00000000ec380000)
  from space 1536K, 76% used [0x00000000ec900000,0x00000000eca240a8,0x00000000eca80000)
  to   space 2560K, 0% used [0x00000000ec580000,0x00000000ec580000,0x00000000ec800000)
 ParOldGen       total 68608K, used 10693K [0x00000000c0000000, 0x00000000c4300000, 0x00000000eab00000)
  object space 68608K, 15% used [0x00000000c0000000,0x00000000c0a71658,0x00000000c4300000)
 Metaspace       used 24453K, committed 25024K, reserved 1114112K
  class space    used 2472K, committed 2688K, reserved 1048576K
}
Event: 23.722 GC heap before
{Heap before GC invocations=8 (full 1):
 PSYoungGen      total 26624K, used 26206K [0x00000000eab00000, 0x00000000eca80000, 0x0000000100000000)
  eden space 25088K, 99% used [0x00000000eab00000,0x00000000ec373b48,0x00000000ec380000)
  from space 1536K, 76% used [0x00000000ec900000,0x00000000eca240a8,0x00000000eca80000)
  to   space 2560K, 0% used [0x00000000ec580000,0x00000000ec580000,0x00000000ec800000)
 ParOldGen       total 68608K, used 10693K [0x00000000c0000000, 0x00000000c4300000, 0x00000000eab00000)
  object space 68608K, 15% used [0x00000000c0000000,0x00000000c0a71658,0x00000000c4300000)
 Metaspace       used 27503K, committed 28096K, reserved 1114112K
  class space    used 2796K, committed 3008K, reserved 1048576K
}
Event: 23.729 GC heap after
{Heap after GC invocations=8 (full 1):
 PSYoungGen      total 27136K, used 2536K [0x00000000eab00000, 0x00000000ecd00000, 0x0000000100000000)
  eden space 24576K, 0% used [0x00000000eab00000,0x00000000eab00000,0x00000000ec300000)
  from space 2560K, 99% used [0x00000000ec580000,0x00000000ec7fa358,0x00000000ec800000)
  to   space 5120K, 0% used [0x00000000ec800000,0x00000000ec800000,0x00000000ecd00000)
 ParOldGen       total 68608K, used 12539K [0x00000000c0000000, 0x00000000c4300000, 0x00000000eab00000)
  object space 68608K, 18% used [0x00000000c0000000,0x00000000c0c3eec0,0x00000000c4300000)
 Metaspace       used 27503K, committed 28096K, reserved 1114112K
  class space    used 2796K, committed 3008K, reserved 1048576K
}
Event: 24.011 GC heap before
{Heap before GC invocations=9 (full 1):
 PSYoungGen      total 27136K, used 27112K [0x00000000eab00000, 0x00000000ecd00000, 0x0000000100000000)
  eden space 24576K, 100% used [0x00000000eab00000,0x00000000ec300000,0x00000000ec300000)
  from space 2560K, 99% used [0x00000000ec580000,0x00000000ec7fa358,0x00000000ec800000)
  to   space 5120K, 0% used [0x00000000ec800000,0x00000000ec800000,0x00000000ecd00000)
 ParOldGen       total 68608K, used 12539K [0x00000000c0000000, 0x00000000c4300000, 0x00000000eab00000)
  object space 68608K, 18% used [0x00000000c0000000,0x00000000c0c3eec0,0x00000000c4300000)
 Metaspace       used 30562K, committed 31232K, reserved 1114112K
  class space    used 3008K, committed 3264K, reserved 1048576K
}
Event: 24.014 GC heap after
{Heap after GC invocations=9 (full 1):
 PSYoungGen      total 27136K, used 2995K [0x00000000eab00000, 0x00000000ecb00000, 0x0000000100000000)
  eden space 24064K, 0% used [0x00000000eab00000,0x00000000eab00000,0x00000000ec280000)
  from space 3072K, 97% used [0x00000000ec800000,0x00000000ecaecc10,0x00000000ecb00000)
  to   space 3584K, 0% used [0x00000000ec400000,0x00000000ec400000,0x00000000ec780000)
 ParOldGen       total 68608K, used 12547K [0x00000000c0000000, 0x00000000c4300000, 0x00000000eab00000)
  object space 68608K, 18% used [0x00000000c0000000,0x00000000c0c40ec0,0x00000000c4300000)
 Metaspace       used 30562K, committed 31232K, reserved 1114112K
  class space    used 3008K, committed 3264K, reserved 1048576K
}
Event: 24.249 GC heap before
{Heap before GC invocations=10 (full 1):
 PSYoungGen      total 27136K, used 27059K [0x00000000eab00000, 0x00000000ecb00000, 0x0000000100000000)
  eden space 24064K, 100% used [0x00000000eab00000,0x00000000ec280000,0x00000000ec280000)
  from space 3072K, 97% used [0x00000000ec800000,0x00000000ecaecc10,0x00000000ecb00000)
  to   space 3584K, 0% used [0x00000000ec400000,0x00000000ec400000,0x00000000ec780000)
 ParOldGen       total 68608K, used 12547K [0x00000000c0000000, 0x00000000c4300000, 0x00000000eab00000)
  object space 68608K, 18% used [0x00000000c0000000,0x00000000c0c40ec0,0x00000000c4300000)
 Metaspace       used 32914K, committed 33600K, reserved 1114112K
  class space    used 3205K, committed 3456K, reserved 1048576K
}
Event: 24.253 GC heap after
{Heap after GC invocations=10 (full 1):
 PSYoungGen      total 26624K, used 2862K [0x00000000eab00000, 0x00000000ec880000, 0x0000000100000000)
  eden space 23552K, 0% used [0x00000000eab00000,0x00000000eab00000,0x00000000ec200000)
  from space 3072K, 93% used [0x00000000ec400000,0x00000000ec6cb9d0,0x00000000ec700000)
  to   space 1536K, 0% used [0x00000000ec700000,0x00000000ec700000,0x00000000ec880000)
 ParOldGen       total 68608K, used 13326K [0x00000000c0000000, 0x00000000c4300000, 0x00000000eab00000)
  object space 68608K, 19% used [0x00000000c0000000,0x00000000c0d03b98,0x00000000c4300000)
 Metaspace       used 32914K, committed 33600K, reserved 1114112K
  class space    used 3205K, committed 3456K, reserved 1048576K
}
Event: 24.655 GC heap before
{Heap before GC invocations=11 (full 1):
 PSYoungGen      total 26624K, used 14887K [0x00000000eab00000, 0x00000000ec880000, 0x0000000100000000)
  eden space 23552K, 51% used [0x00000000eab00000,0x00000000eb6be458,0x00000000ec200000)
  from space 3072K, 93% used [0x00000000ec400000,0x00000000ec6cb9d0,0x00000000ec700000)
  to   space 1536K, 0% used [0x00000000ec700000,0x00000000ec700000,0x00000000ec880000)
 ParOldGen       total 68608K, used 13326K [0x00000000c0000000, 0x00000000c4300000, 0x00000000eab00000)
  object space 68608K, 19% used [0x00000000c0000000,0x00000000c0d03b98,0x00000000c4300000)
 Metaspace       used 35075K, committed 35840K, reserved 1114112K
  class space    used 3435K, committed 3776K, reserved 1048576K
}
Event: 24.660 GC heap after
{Heap after GC invocations=11 (full 1):
 PSYoungGen      total 25088K, used 1487K [0x00000000eab00000, 0x00000000ec880000, 0x0000000100000000)
  eden space 23552K, 0% used [0x00000000eab00000,0x00000000eab00000,0x00000000ec200000)
  from space 1536K, 96% used [0x00000000ec700000,0x00000000ec873df0,0x00000000ec880000)
  to   space 2048K, 0% used [0x00000000ec480000,0x00000000ec480000,0x00000000ec680000)
 ParOldGen       total 68608K, used 15375K [0x00000000c0000000, 0x00000000c4300000, 0x00000000eab00000)
  object space 68608K, 22% used [0x00000000c0000000,0x00000000c0f03d88,0x00000000c4300000)
 Metaspace       used 35075K, committed 35840K, reserved 1114112K
  class space    used 3435K, committed 3776K, reserved 1048576K
}
Event: 24.660 GC heap before
{Heap before GC invocations=12 (full 2):
 PSYoungGen      total 25088K, used 1487K [0x00000000eab00000, 0x00000000ec880000, 0x0000000100000000)
  eden space 23552K, 0% used [0x00000000eab00000,0x00000000eab00000,0x00000000ec200000)
  from space 1536K, 96% used [0x00000000ec700000,0x00000000ec873df0,0x00000000ec880000)
  to   space 2048K, 0% used [0x00000000ec480000,0x00000000ec480000,0x00000000ec680000)
 ParOldGen       total 68608K, used 15375K [0x00000000c0000000, 0x00000000c4300000, 0x00000000eab00000)
  object space 68608K, 22% used [0x00000000c0000000,0x00000000c0f03d88,0x00000000c4300000)
 Metaspace       used 35075K, committed 35840K, reserved 1114112K
  class space    used 3435K, committed 3776K, reserved 1048576K
}
Event: 24.709 GC heap after
{Heap after GC invocations=12 (full 2):
 PSYoungGen      total 25088K, used 0K [0x00000000eab00000, 0x00000000ec880000, 0x0000000100000000)
  eden space 23552K, 0% used [0x00000000eab00000,0x00000000eab00000,0x00000000ec200000)
  from space 1536K, 0% used [0x00000000ec700000,0x00000000ec700000,0x00000000ec880000)
  to   space 2048K, 0% used [0x00000000ec480000,0x00000000ec480000,0x00000000ec680000)
 ParOldGen       total 68608K, used 13429K [0x00000000c0000000, 0x00000000c4300000, 0x00000000eab00000)
  object space 68608K, 19% used [0x00000000c0000000,0x00000000c0d1d758,0x00000000c4300000)
 Metaspace       used 35075K, committed 35840K, reserved 1114112K
  class space    used 3435K, committed 3776K, reserved 1048576K
}
Event: 25.585 GC heap before
{Heap before GC invocations=13 (full 2):
 PSYoungGen      total 25088K, used 23552K [0x00000000eab00000, 0x00000000ec880000, 0x0000000100000000)
  eden space 23552K, 100% used [0x00000000eab00000,0x00000000ec200000,0x00000000ec200000)
  from space 1536K, 0% used [0x00000000ec700000,0x00000000ec700000,0x00000000ec880000)
  to   space 2048K, 0% used [0x00000000ec480000,0x00000000ec480000,0x00000000ec680000)
 ParOldGen       total 68608K, used 13429K [0x00000000c0000000, 0x00000000c4300000, 0x00000000eab00000)
  object space 68608K, 19% used [0x00000000c0000000,0x00000000c0d1d758,0x00000000c4300000)
 Metaspace       used 38431K, committed 39296K, reserved 1114112K
  class space    used 3891K, committed 4224K, reserved 1048576K
}
Event: 25.587 GC heap after
{Heap after GC invocations=13 (full 2):
 PSYoungGen      total 24064K, used 960K [0x00000000eab00000, 0x00000000ec780000, 0x0000000100000000)
  eden space 23040K, 0% used [0x00000000eab00000,0x00000000eab00000,0x00000000ec180000)
  from space 1024K, 93% used [0x00000000ec480000,0x00000000ec570020,0x00000000ec580000)
  to   space 1536K, 0% used [0x00000000ec600000,0x00000000ec600000,0x00000000ec780000)
 ParOldGen       total 68608K, used 13437K [0x00000000c0000000, 0x00000000c4300000, 0x00000000eab00000)
  object space 68608K, 19% used [0x00000000c0000000,0x00000000c0d1f758,0x00000000c4300000)
 Metaspace       used 38431K, committed 39296K, reserved 1114112K
  class space    used 3891K, committed 4224K, reserved 1048576K
}
Event: 25.937 GC heap before
{Heap before GC invocations=14 (full 2):
 PSYoungGen      total 24064K, used 24000K [0x00000000eab00000, 0x00000000ec780000, 0x0000000100000000)
  eden space 23040K, 100% used [0x00000000eab00000,0x00000000ec180000,0x00000000ec180000)
  from space 1024K, 93% used [0x00000000ec480000,0x00000000ec570020,0x00000000ec580000)
  to   space 1536K, 0% used [0x00000000ec600000,0x00000000ec600000,0x00000000ec780000)
 ParOldGen       total 68608K, used 13437K [0x00000000c0000000, 0x00000000c4300000, 0x00000000eab00000)
  object space 68608K, 19% used [0x00000000c0000000,0x00000000c0d1f758,0x00000000c4300000)
 Metaspace       used 40650K, committed 41536K, reserved 1114112K
  class space    used 4188K, committed 4544K, reserved 1048576K
}
Event: 25.942 GC heap after
{Heap after GC invocations=14 (full 2):
 PSYoungGen      total 23552K, used 893K [0x00000000eab00000, 0x00000000ec700000, 0x0000000100000000)
  eden space 22528K, 0% used [0x00000000eab00000,0x00000000eab00000,0x00000000ec100000)
  from space 1024K, 87% used [0x00000000ec600000,0x00000000ec6df678,0x00000000ec700000)
  to   space 1024K, 0% used [0x00000000ec500000,0x00000000ec500000,0x00000000ec600000)
 ParOldGen       total 68608K, used 14322K [0x00000000c0000000, 0x00000000c4300000, 0x00000000eab00000)
  object space 68608K, 20% used [0x00000000c0000000,0x00000000c0dfcae0,0x00000000c4300000)
 Metaspace       used 40650K, committed 41536K, reserved 1114112K
  class space    used 4188K, committed 4544K, reserved 1048576K
}
Event: 26.466 GC heap before
{Heap before GC invocations=15 (full 2):
 PSYoungGen      total 23552K, used 23421K [0x00000000eab00000, 0x00000000ec700000, 0x0000000100000000)
  eden space 22528K, 100% used [0x00000000eab00000,0x00000000ec100000,0x00000000ec100000)
  from space 1024K, 87% used [0x00000000ec600000,0x00000000ec6df678,0x00000000ec700000)
  to   space 1024K, 0% used [0x00000000ec500000,0x00000000ec500000,0x00000000ec600000)
 ParOldGen       total 68608K, used 14322K [0x00000000c0000000, 0x00000000c4300000, 0x00000000eab00000)
  object space 68608K, 20% used [0x00000000c0000000,0x00000000c0dfcae0,0x00000000c4300000)
 Metaspace       used 42899K, committed 43776K, reserved 1114112K
  class space    used 4476K, committed 4800K, reserved 1048576K
}
Event: 26.470 GC heap after
{Heap after GC invocations=15 (full 2):
 PSYoungGen      total 23040K, used 800K [0x00000000eab00000, 0x00000000ec680000, 0x0000000100000000)
  eden space 22016K, 0% used [0x00000000eab00000,0x00000000eab00000,0x00000000ec080000)
  from space 1024K, 78% used [0x00000000ec500000,0x00000000ec5c8000,0x00000000ec600000)
  to   space 512K, 0% used [0x00000000ec600000,0x00000000ec600000,0x00000000ec680000)
 ParOldGen       total 68608K, used 15042K [0x00000000c0000000, 0x00000000c4300000, 0x00000000eab00000)
  object space 68608K, 21% used [0x00000000c0000000,0x00000000c0eb0ae0,0x00000000c4300000)
 Metaspace       used 42899K, committed 43776K, reserved 1114112K
  class space    used 4476K, committed 4800K, reserved 1048576K
}

Dll operation events (9 events):
Event: 0.053 Loaded shared library c:\Users\thoma\.vscode\extensions\redhat.java-1.24.0-win32-x64\jre\17.0.8.1-win32-x86_64\bin\java.dll
Event: 0.737 Loaded shared library c:\Users\thoma\.vscode\extensions\redhat.java-1.24.0-win32-x64\jre\17.0.8.1-win32-x86_64\bin\zip.dll
Event: 0.746 Loaded shared library C:\Users\thoma\.vscode\extensions\redhat.java-1.24.0-win32-x64\jre\17.0.8.1-win32-x86_64\bin\instrument.dll
Event: 0.784 Loaded shared library C:\Users\thoma\.vscode\extensions\redhat.java-1.24.0-win32-x64\jre\17.0.8.1-win32-x86_64\bin\net.dll
Event: 0.788 Loaded shared library C:\Users\thoma\.vscode\extensions\redhat.java-1.24.0-win32-x64\jre\17.0.8.1-win32-x86_64\bin\nio.dll
Event: 0.802 Loaded shared library C:\Users\thoma\.vscode\extensions\redhat.java-1.24.0-win32-x64\jre\17.0.8.1-win32-x86_64\bin\zip.dll
Event: 0.835 Loaded shared library C:\Users\thoma\.vscode\extensions\redhat.java-1.24.0-win32-x64\jre\17.0.8.1-win32-x86_64\bin\jimage.dll
Event: 1.051 Loaded shared library c:\Users\thoma\.vscode\extensions\redhat.java-1.24.0-win32-x64\jre\17.0.8.1-win32-x86_64\bin\verify.dll
Event: 8.772 Loaded shared library C:\Users\thoma\AppData\Roaming\Code\User\globalStorage\redhat.java\1.24.0\config_win\org.eclipse.equinox.launcher\org.eclipse.equinox.launcher.win32.win32.x86_64_1.2.700.v20221108-1024\eclipse_11801.dll

Deoptimization events (20 events):
Event: 25.958 Thread 0x000001e4fb2a8810 DEOPT PACKING pc=0x000001e487c53d54 sp=0x0000007b78efd920
Event: 25.958 Thread 0x000001e4fb2a8810 DEOPT UNPACKING pc=0x000001e4875866a3 sp=0x0000007b78efd8c8 mode 2
Event: 26.037 Thread 0x000001e496a3ac40 Uncommon trap: trap_request=0xffffff66 fr.pc=0x000001e487c4147c relative=0x00000000000000dc
Event: 26.037 Thread 0x000001e496a3ac40 Uncommon trap: reason=speculate_class_check action=maybe_recompile pc=0x000001e487c4147c method=java.util.regex.Pattern$CharPredicate.lambda$negate$3(I)Z @ 2 c2
Event: 26.037 Thread 0x000001e496a3ac40 DEOPT PACKING pc=0x000001e487c4147c sp=0x0000007b7a8fe2d0
Event: 26.037 Thread 0x000001e496a3ac40 DEOPT UNPACKING pc=0x000001e4875866a3 sp=0x0000007b7a8fe1f0 mode 2
Event: 26.037 Thread 0x000001e496a3ac40 Uncommon trap: trap_request=0xffffff66 fr.pc=0x000001e487c4147c relative=0x00000000000000dc
Event: 26.037 Thread 0x000001e496a3ac40 Uncommon trap: reason=speculate_class_check action=maybe_recompile pc=0x000001e487c4147c method=java.util.regex.Pattern$CharPredicate.lambda$negate$3(I)Z @ 2 c2
Event: 26.037 Thread 0x000001e496a3ac40 DEOPT PACKING pc=0x000001e487c4147c sp=0x0000007b7a8fe2d0
Event: 26.037 Thread 0x000001e496a3ac40 DEOPT UNPACKING pc=0x000001e4875866a3 sp=0x0000007b7a8fe1f0 mode 2
Event: 26.037 Thread 0x000001e496a3ac40 Uncommon trap: trap_request=0xffffff66 fr.pc=0x000001e487c4147c relative=0x00000000000000dc
Event: 26.037 Thread 0x000001e496a3ac40 Uncommon trap: reason=speculate_class_check action=maybe_recompile pc=0x000001e487c4147c method=java.util.regex.Pattern$CharPredicate.lambda$negate$3(I)Z @ 2 c2
Event: 26.037 Thread 0x000001e496a3ac40 DEOPT PACKING pc=0x000001e487c4147c sp=0x0000007b7a8fe2d0
Event: 26.037 Thread 0x000001e496a3ac40 DEOPT UNPACKING pc=0x000001e4875866a3 sp=0x0000007b7a8fe1f0 mode 2
Event: 26.037 Thread 0x000001e496a3ac40 Uncommon trap: trap_request=0xffffff66 fr.pc=0x000001e487c4147c relative=0x00000000000000dc
Event: 26.037 Thread 0x000001e496a3ac40 Uncommon trap: reason=speculate_class_check action=maybe_recompile pc=0x000001e487c4147c method=java.util.regex.Pattern$CharPredicate.lambda$negate$3(I)Z @ 2 c2
Event: 26.037 Thread 0x000001e496a3ac40 DEOPT PACKING pc=0x000001e487c4147c sp=0x0000007b7a8fe2d0
Event: 26.037 Thread 0x000001e496a3ac40 DEOPT UNPACKING pc=0x000001e4875866a3 sp=0x0000007b7a8fe1f0 mode 2
Event: 26.141 Thread 0x000001e496a3ac40 DEOPT PACKING pc=0x000001e48092d359 sp=0x0000007b7a8fe2d0
Event: 26.141 Thread 0x000001e496a3ac40 DEOPT UNPACKING pc=0x000001e487586e43 sp=0x0000007b7a8fd728 mode 0

Classes unloaded (7 events):
Event: 22.110 Thread 0x000001e491198970 Unloading class 0x000000010024c000 'java/lang/invoke/LambdaForm$MH+0x000000010024c000'
Event: 22.110 Thread 0x000001e491198970 Unloading class 0x000000010024bc00 'java/lang/invoke/LambdaForm$MH+0x000000010024bc00'
Event: 22.110 Thread 0x000001e491198970 Unloading class 0x000000010024b800 'java/lang/invoke/LambdaForm$MH+0x000000010024b800'
Event: 22.110 Thread 0x000001e491198970 Unloading class 0x000000010024b400 'java/lang/invoke/LambdaForm$MH+0x000000010024b400'
Event: 22.110 Thread 0x000001e491198970 Unloading class 0x000000010024b000 'java/lang/invoke/LambdaForm$BMH+0x000000010024b000'
Event: 22.110 Thread 0x000001e491198970 Unloading class 0x000000010024ac00 'java/lang/invoke/LambdaForm$DMH+0x000000010024ac00'
Event: 22.110 Thread 0x000001e491198970 Unloading class 0x0000000100248000 'java/lang/invoke/LambdaForm$DMH+0x0000000100248000'

Classes redefined (0 events):
No events

Internal exceptions (20 events):
Event: 24.209 Thread 0x000001e4970845b0 Exception <a 'java/lang/NoSuchMethodError'{0x00000000ebfaaef0}: 'void java.lang.invoke.DirectMethodHandle$Holder.invokeVirtual(java.lang.Object, java.lang.Object)'> (0x00000000ebfaaef0) 
thrown [s\src\hotspot\share\interpreter\linkResolver.cpp, line 759]
Event: 24.300 Thread 0x000001e4970845b0 Exception <a 'java/lang/NoSuchMethodError'{0x00000000eaca0560}: 'java.lang.Object java.lang.invoke.DirectMethodHandle$Holder.invokeStaticInit(java.lang.Object, int, int, int, int)'> (0x00000000eaca0560) 
thrown [s\src\hotspot\share\interpreter\linkResolver.cpp, line 759]
Event: 24.453 Thread 0x000001e4970845b0 Exception <a 'java/lang/NoSuchMethodError'{0x00000000eae17340}: 'java.lang.Object java.lang.invoke.DirectMethodHandle$Holder.invokeStaticInit(java.lang.Object, java.lang.Object, int, int, int, int)'> (0x00000000eae17340) 
thrown [s\src\hotspot\share\interpreter\linkResolver.cpp, line 759]
Event: 24.556 Thread 0x000001e4970845b0 Exception <a 'java/lang/ClassNotFoundException'{0x00000000eb426450}: com/sun/org/apache/xml/internal/serializer/spi/XMLEntitiesProvider> (0x00000000eb426450) 
thrown [s\src\hotspot\share\classfile\systemDictionary.cpp, line 256]
Event: 24.584 Thread 0x000001e496a3ac40 Exception <a 'java/lang/NoSuchMethodError'{0x00000000eb505af0}: 'void java.lang.invoke.DirectMethodHandle$Holder.invokeStatic(java.lang.Object, java.lang.Object, java.lang.Object, java.lang.Object)'> (0x00000000eb505af0) 
thrown [s\src\hotspot\share\interpreter\linkResolver.cpp, line 759]
Event: 24.757 Thread 0x000001e496a3ac40 Exception <a 'java/lang/NoSuchMethodError'{0x00000000eac236d0}: 'java.lang.Object java.lang.invoke.DirectMethodHandle$Holder.invokeSpecialIFC(java.lang.Object, java.lang.Object, java.lang.Object, java.lang.Object)'> (0x00000000eac236d0) 
thrown [s\src\hotspot\share\interpreter\linkResolver.cpp, line 759]
Event: 24.941 Thread 0x000001e4970845b0 Exception <a 'java/io/FileNotFoundException'{0x00000000eb12f920}> (0x00000000eb12f920) 
thrown [s\src\hotspot\share\prims\jni.cpp, line 516]
Event: 25.003 Thread 0x000001e4970845b0 Exception <a 'java/io/IOException'{0x00000000eb43ecc0}> (0x00000000eb43ecc0) 
thrown [s\src\hotspot\share\prims\jni.cpp, line 516]
Event: 25.004 Thread 0x000001e4970845b0 Exception <a 'java/lang/UnsatisfiedLinkError'{0x00000000eb43fa70}> (0x00000000eb43fa70) 
thrown [s\src\hotspot\share\oops\instanceKlass.cpp, line 1218]
Event: 25.009 Thread 0x000001e4970845b0 Exception <a 'java/io/IOException'{0x00000000eb45b8f8}> (0x00000000eb45b8f8) 
thrown [s\src\hotspot\share\prims\jni.cpp, line 516]
Event: 25.012 Thread 0x000001e4970845b0 Exception <a 'java/io/FileNotFoundException'{0x00000000eb509030}> (0x00000000eb509030) 
thrown [s\src\hotspot\share\prims\jni.cpp, line 516]
Event: 25.031 Thread 0x000001e4970845b0 Exception <a 'java/io/FileNotFoundException'{0x00000000eb5ed110}> (0x00000000eb5ed110) 
thrown [s\src\hotspot\share\prims\jni.cpp, line 516]
Event: 25.132 Thread 0x000001e4fb2a8810 Exception <a 'sun/nio/fs/WindowsException'{0x00000000eba9c470}> (0x00000000eba9c470) 
thrown [s\src\hotspot\share\prims\jni.cpp, line 516]
Event: 25.205 Thread 0x000001e496a3ac40 Exception <a 'java/lang/NoSuchMethodError'{0x00000000ebd166b8}: 'int java.lang.invoke.DirectMethodHandle$Holder.invokeSpecialIFC(java.lang.Object, java.lang.Object, java.lang.Object, java.lang.Object, java.lang.Object)'> (0x00000000ebd166b8) 
thrown [s\src\hotspot\share\interpreter\linkResolver.cpp, line 759]
Event: 25.215 Thread 0x000001e4fb2a8810 Exception <a 'java/lang/NoSuchMethodError'{0x00000000ebdc2ae8}: 'java.lang.Object java.lang.invoke.DirectMethodHandle$Holder.invokeStatic(java.lang.Object, java.lang.Object, long, java.lang.Object)'> (0x00000000ebdc2ae8) 
thrown [s\src\hotspot\share\interpreter\linkResolver.cpp, line 759]
Event: 25.216 Thread 0x000001e4fb2a8810 Exception <a 'java/lang/NoSuchMethodError'{0x00000000ebdc67e8}: 'java.lang.Object java.lang.invoke.DirectMethodHandle$Holder.invokeStaticInit(java.lang.Object, java.lang.Object, long, java.lang.Object)'> (0x00000000ebdc67e8) 
thrown [s\src\hotspot\share\interpreter\linkResolver.cpp, line 759]
Event: 25.238 Thread 0x000001e4fb2a8810 Exception <a 'java/lang/NoSuchMethodError'{0x00000000ebdcd040}: 'java.lang.Object java.lang.invoke.DirectMethodHandle$Holder.newInvokeSpecial(java.lang.Object, java.lang.Object, long)'> (0x00000000ebdcd040) 
thrown [s\src\hotspot\share\interpreter\linkResolver.cpp, line 759]
Event: 25.729 Thread 0x000001e496a3ac40 Exception <a 'java/lang/NoClassDefFoundError'{0x00000000eb35c7c0}: javax/enterprise/inject/Typed> (0x00000000eb35c7c0) 
thrown [s\src\hotspot\share\classfile\systemDictionary.cpp, line 245]
Event: 25.927 Thread 0x000001e4fb2a8810 Exception <a 'java/lang/NoSuchMethodError'{0x00000000ec08a3d8}: 'void java.lang.invoke.DirectMethodHandle$Holder.invokeSpecial(java.lang.Object, java.lang.Object, java.lang.Object, java.lang.Object, java.lang.Object, java.lang.Object)'> (0x00000000ec08a3d8) 
thrown [s\src\hotspot\share\interpreter\linkResolver.cpp, line 759]
Event: 25.929 Thread 0x000001e4fb2a8810 Exception <a 'java/lang/IncompatibleClassChangeError'{0x00000000ec093e48}: Found class java.lang.Object, but interface was expected> (0x00000000ec093e48) 
thrown [s\src\hotspot\share\interpreter\linkResolver.cpp, line 826]

VM Operations (20 events):
Event: 24.615 Executing VM operation: HandshakeAllThreads
Event: 24.615 Executing VM operation: HandshakeAllThreads done
Event: 24.655 Executing VM operation: CollectForMetadataAllocation
Event: 24.711 Executing VM operation: CollectForMetadataAllocation done
Event: 24.770 Executing VM operation: HandshakeAllThreads
Event: 24.771 Executing VM operation: HandshakeAllThreads done
Event: 24.793 Executing VM operation: HandshakeAllThreads
Event: 24.799 Executing VM operation: HandshakeAllThreads done
Event: 25.584 Executing VM operation: ParallelGCFailedAllocation
Event: 25.587 Executing VM operation: ParallelGCFailedAllocation done
Event: 25.693 Executing VM operation: HandshakeAllThreads
Event: 25.693 Executing VM operation: HandshakeAllThreads done
Event: 25.937 Executing VM operation: ParallelGCFailedAllocation
Event: 25.942 Executing VM operation: ParallelGCFailedAllocation done
Event: 26.466 Executing VM operation: ParallelGCFailedAllocation
Event: 26.470 Executing VM operation: ParallelGCFailedAllocation done
Event: 26.499 Executing VM operation: HandshakeAllThreads
Event: 26.499 Executing VM operation: HandshakeAllThreads done
Event: 26.775 Executing VM operation: HandshakeAllThreads
Event: 26.775 Executing VM operation: HandshakeAllThreads done

Events (20 events):
Event: 26.435 loading class java/lang/reflect/AnnotatedParameterizedType done
Event: 26.435 loading class sun/reflect/annotation/AnnotatedTypeFactory$AnnotatedParameterizedTypeImpl done
Event: 26.711 loading class sun/reflect/generics/scope/ConstructorScope
Event: 26.711 loading class sun/reflect/generics/scope/ConstructorScope done
Event: 26.711 loading class sun/reflect/generics/tree/VoidDescriptor
Event: 26.711 loading class sun/reflect/generics/tree/VoidDescriptor done
Event: 26.735 loading class java/util/concurrent/CompletionService
Event: 26.736 loading class java/util/concurrent/CompletionService done
Event: 26.785 loading class java/nio/channels/SocketChannel
Event: 26.785 loading class java/nio/channels/NetworkChannel
Event: 26.785 loading class java/nio/channels/NetworkChannel done
Event: 26.785 loading class java/nio/channels/spi/AbstractSelectableChannel
Event: 26.785 loading class java/nio/channels/spi/AbstractSelectableChannel done
Event: 26.785 loading class java/nio/channels/SocketChannel done
Event: 26.787 loading class java/nio/channels/ServerSocketChannel
Event: 26.787 loading class java/nio/channels/ServerSocketChannel done
Event: 26.788 loading class javax/net/ssl/SSLSocketFactory
Event: 26.789 loading class javax/net/SocketFactory
Event: 26.789 loading class javax/net/SocketFactory done
Event: 26.789 loading class javax/net/ssl/SSLSocketFactory done


Dynamic libraries:
0x00007ff69a910000 - 0x00007ff69a91e000 	c:\Users\thoma\.vscode\extensions\redhat.java-1.24.0-win32-x64\jre\17.0.8.1-win32-x86_64\bin\java.exe
0x00007ffbb97d0000 - 0x00007ffbb99e7000 	C:\WINDOWS\SYSTEM32\ntdll.dll
0x00007ffbb84e0000 - 0x00007ffbb85a4000 	C:\WINDOWS\System32\KERNEL32.DLL
0x00007ffbb6bd0000 - 0x00007ffbb6f76000 	C:\WINDOWS\System32\KERNELBASE.dll
0x00007ffbb73e0000 - 0x00007ffbb74f1000 	C:\WINDOWS\System32\ucrtbase.dll
0x00007ffbb1ef0000 - 0x00007ffbb1f07000 	c:\Users\thoma\.vscode\extensions\redhat.java-1.24.0-win32-x64\jre\17.0.8.1-win32-x86_64\bin\jli.dll
0x00007ffbb9350000 - 0x00007ffbb94fd000 	C:\WINDOWS\System32\USER32.dll
0x00007ffbb7500000 - 0x00007ffbb7526000 	C:\WINDOWS\System32\win32u.dll
0x00007ffbb95b0000 - 0x00007ffbb95d9000 	C:\WINDOWS\System32\GDI32.dll
0x00007ffbb7040000 - 0x00007ffbb7158000 	C:\WINDOWS\System32\gdi32full.dll
0x00007ffbb7160000 - 0x00007ffbb71fa000 	C:\WINDOWS\System32\msvcp_win.dll
0x00007ffb9ccf0000 - 0x00007ffb9cd09000 	c:\Users\thoma\.vscode\extensions\redhat.java-1.24.0-win32-x64\jre\17.0.8.1-win32-x86_64\bin\VCRUNTIME140.dll
0x00007ffba2270000 - 0x00007ffba2503000 	C:\WINDOWS\WinSxS\amd64_microsoft.windows.common-controls_6595b64144ccf1df_6.0.22621.2361_none_2712ced57382f843\COMCTL32.dll
0x00007ffbb8430000 - 0x00007ffbb84d7000 	C:\WINDOWS\System32\msvcrt.dll
0x00007ffbb9700000 - 0x00007ffbb9731000 	C:\WINDOWS\System32\IMM32.DLL
0x00007ffbb1f80000 - 0x00007ffbb1f8c000 	c:\Users\thoma\.vscode\extensions\redhat.java-1.24.0-win32-x64\jre\17.0.8.1-win32-x86_64\bin\vcruntime140_1.dll
0x00007ffb7d330000 - 0x00007ffb7d3c1000 	c:\Users\thoma\.vscode\extensions\redhat.java-1.24.0-win32-x64\jre\17.0.8.1-win32-x86_64\bin\msvcp140.dll
0x00007ffb76b20000 - 0x00007ffb7776c000 	c:\Users\thoma\.vscode\extensions\redhat.java-1.24.0-win32-x64\jre\17.0.8.1-win32-x86_64\bin\server\jvm.dll
0x00007ffbb9500000 - 0x00007ffbb95b0000 	C:\WINDOWS\System32\ADVAPI32.dll
0x00007ffbb7ad0000 - 0x00007ffbb7b76000 	C:\WINDOWS\System32\sechost.dll
0x00007ffbb79b0000 - 0x00007ffbb7ac7000 	C:\WINDOWS\System32\RPCRT4.dll
0x00007ffbb6a20000 - 0x00007ffbb6a6d000 	C:\WINDOWS\SYSTEM32\POWRPROF.dll
0x00007ffbb2110000 - 0x00007ffbb2119000 	C:\WINDOWS\SYSTEM32\WSOCK32.dll
0x00007ffbb7c80000 - 0x00007ffbb7cf1000 	C:\WINDOWS\System32\WS2_32.dll
0x00007ffbae6e0000 - 0x00007ffbae714000 	C:\WINDOWS\SYSTEM32\WINMM.dll
0x00007ffbaf350000 - 0x00007ffbaf35a000 	C:\WINDOWS\SYSTEM32\VERSION.dll
0x00007ffbb6a00000 - 0x00007ffbb6a13000 	C:\WINDOWS\SYSTEM32\UMPDC.dll
0x00007ffbb5af0000 - 0x00007ffbb5b08000 	C:\WINDOWS\SYSTEM32\kernel.appcore.dll
0x00007ffbb1ea0000 - 0x00007ffbb1eaa000 	c:\Users\thoma\.vscode\extensions\redhat.java-1.24.0-win32-x64\jre\17.0.8.1-win32-x86_64\bin\jimage.dll
0x00007ffba27c0000 - 0x00007ffba29ee000 	C:\WINDOWS\SYSTEM32\DBGHELP.DLL
0x00007ffbb7e90000 - 0x00007ffbb821a000 	C:\WINDOWS\System32\combase.dll
0x00007ffbb9610000 - 0x00007ffbb96e7000 	C:\WINDOWS\System32\OLEAUT32.dll
0x00007ffb9aef0000 - 0x00007ffb9af22000 	C:\WINDOWS\SYSTEM32\dbgcore.DLL
0x00007ffbb6b50000 - 0x00007ffbb6bca000 	C:\WINDOWS\System32\bcryptPrimitives.dll
0x00007ffba37c0000 - 0x00007ffba37ce000 	c:\Users\thoma\.vscode\extensions\redhat.java-1.24.0-win32-x64\jre\17.0.8.1-win32-x86_64\bin\instrument.dll
0x00007ffb9a8e0000 - 0x00007ffb9a905000 	c:\Users\thoma\.vscode\extensions\redhat.java-1.24.0-win32-x64\jre\17.0.8.1-win32-x86_64\bin\java.dll
0x00007ffb9a860000 - 0x00007ffb9a878000 	c:\Users\thoma\.vscode\extensions\redhat.java-1.24.0-win32-x64\jre\17.0.8.1-win32-x86_64\bin\zip.dll
0x00007ffbb8af0000 - 0x00007ffbb9348000 	C:\WINDOWS\System32\SHELL32.dll
0x00007ffbb4a60000 - 0x00007ffbb5352000 	C:\WINDOWS\SYSTEM32\windows.storage.dll
0x00007ffbb4920000 - 0x00007ffbb4a5e000 	C:\WINDOWS\SYSTEM32\wintypes.dll
0x00007ffbb7d00000 - 0x00007ffbb7df3000 	C:\WINDOWS\System32\SHCORE.dll
0x00007ffbb88c0000 - 0x00007ffbb891e000 	C:\WINDOWS\System32\shlwapi.dll
0x00007ffbb6a80000 - 0x00007ffbb6aa6000 	C:\WINDOWS\SYSTEM32\profapi.dll
0x00007ffb8f0c0000 - 0x00007ffb8f0d9000 	C:\Users\thoma\.vscode\extensions\redhat.java-1.24.0-win32-x64\jre\17.0.8.1-win32-x86_64\bin\net.dll
0x00007ffbaebd0000 - 0x00007ffbaed07000 	C:\WINDOWS\SYSTEM32\WINHTTP.dll
0x00007ffbb5fd0000 - 0x00007ffbb6039000 	C:\WINDOWS\system32\mswsock.dll
0x00007ffb8b2a0000 - 0x00007ffb8b2b5000 	C:\Users\thoma\.vscode\extensions\redhat.java-1.24.0-win32-x64\jre\17.0.8.1-win32-x86_64\bin\nio.dll
0x00007ffb9ce60000 - 0x00007ffb9ce70000 	c:\Users\thoma\.vscode\extensions\redhat.java-1.24.0-win32-x64\jre\17.0.8.1-win32-x86_64\bin\verify.dll
0x00007ffb7e490000 - 0x00007ffb7e4ce000 	C:\Users\thoma\AppData\Roaming\Code\User\globalStorage\redhat.java\1.24.0\config_win\org.eclipse.equinox.launcher\org.eclipse.equinox.launcher.win32.win32.x86_64_1.2.700.v20221108-1024\eclipse_11801.dll
0x00007ffbb8230000 - 0x00007ffbb83cf000 	C:\WINDOWS\System32\ole32.dll
0x00007ffbb6260000 - 0x00007ffbb627b000 	C:\WINDOWS\SYSTEM32\CRYPTSP.dll
0x00007ffbb5ab0000 - 0x00007ffbb5ae5000 	C:\WINDOWS\system32\rsaenh.dll
0x00007ffbb60e0000 - 0x00007ffbb610c000 	C:\WINDOWS\SYSTEM32\USERENV.dll
0x00007ffbb6400000 - 0x00007ffbb6428000 	C:\WINDOWS\SYSTEM32\bcrypt.dll
0x00007ffbb6280000 - 0x00007ffbb628c000 	C:\WINDOWS\SYSTEM32\CRYPTBASE.dll
0x00007ffbb55c0000 - 0x00007ffbb55ed000 	C:\WINDOWS\SYSTEM32\IPHLPAPI.DLL
0x00007ffbb87e0000 - 0x00007ffbb87e9000 	C:\WINDOWS\System32\NSI.dll
0x00007ffbaf420000 - 0x00007ffbaf439000 	C:\WINDOWS\SYSTEM32\dhcpcsvc6.DLL
0x00007ffbaf360000 - 0x00007ffbaf37f000 	C:\WINDOWS\SYSTEM32\dhcpcsvc.DLL
0x00007ffbb5630000 - 0x00007ffbb5729000 	C:\WINDOWS\SYSTEM32\DNSAPI.dll

dbghelp: loaded successfully - version: 4.0.5 - missing functions: none
symbol engine: initialized successfully - sym options: 0x614 - pdb path: .;c:\Users\thoma\.vscode\extensions\redhat.java-1.24.0-win32-x64\jre\17.0.8.1-win32-x86_64\bin;C:\WINDOWS\SYSTEM32;C:\WINDOWS\WinSxS\amd64_microsoft.windows.common-controls_6595b64144ccf1df_6.0.22621.2361_none_2712ced57382f843;c:\Users\thoma\.vscode\extensions\redhat.java-1.24.0-win32-x64\jre\17.0.8.1-win32-x86_64\bin\server;C:\Users\thoma\AppData\Roaming\Code\User\globalStorage\redhat.java\1.24.0\config_win\org.eclipse.equinox.launcher\org.eclipse.equinox.launcher.win32.win32.x86_64_1.2.700.v20221108-1024

VM Arguments:
jvm_args: --add-modules=ALL-SYSTEM --add-opens=java.base/java.util=ALL-UNNAMED --add-opens=java.base/java.lang=ALL-UNNAMED --add-opens=java.base/sun.nio.fs=ALL-UNNAMED -Declipse.application=org.eclipse.jdt.ls.core.id1 -Dosgi.bundles.defaultStartLevel=4 -Declipse.product=org.eclipse.jdt.ls.core.product -Djava.import.generatesMetadataFilesAtProjectRoot=false -DDetectVMInstallationsJob.disabled=true -Dfile.encoding=utf8 -XX:+UseParallelGC -XX:GCTimeRatio=4 -XX:AdaptiveSizePolicyWeight=90 -Dsun.zip.disableMemoryMapping=true -Xmx1G -Xms100m -Xlog:disable -javaagent:c:\Users\thoma\.vscode\extensions\redhat.java-1.24.0-win32-x64\lombok\lombok-1.18.30.jar -XX:+HeapDumpOnOutOfMemoryError -XX:HeapDumpPath=c:\Users\thoma\AppData\Roaming\Code\User\workspaceStorage\ea53d0322363804a2e7dc3329d27c046\redhat.java -Daether.dependencyCollector.impl=bf 
java_command: c:\Users\thoma\.vscode\extensions\redhat.java-1.24.0-win32-x64\server\plugins\org.eclipse.equinox.launcher_1.6.500.v20230717-2134.jar -configuration c:\Users\thoma\AppData\Roaming\Code\User\globalStorage\redhat.java\1.24.0\config_win -data c:\Users\thoma\AppData\Roaming\Code\User\workspaceStorage\ea53d0322363804a2e7dc3329d27c046\redhat.java\jdt_ws --stdio
java_class_path (initial): c:\Users\thoma\.vscode\extensions\redhat.java-1.24.0-win32-x64\server\plugins\org.eclipse.equinox.launcher_1.6.500.v20230717-2134.jar
Launcher Type: SUN_STANDARD

[Global flags]
    uintx AdaptiveSizePolicyWeight                 = 90                                        {product} {command line}
     intx CICompilerCount                          = 3                                         {product} {ergonomic}
    uintx GCTimeRatio                              = 4                                         {product} {command line}
     bool HeapDumpOnOutOfMemoryError               = true                                   {manageable} {command line}
    ccstr HeapDumpPath                             = c:\Users\thoma\AppData\Roaming\Code\User\workspaceStorage\ea53d0322363804a2e7dc3329d27c046\redhat.java         {manageable} {command line}
   size_t InitialHeapSize                          = 104857600                                 {product} {command line}
   size_t MaxHeapSize                              = 1073741824                                {product} {command line}
   size_t MaxNewSize                               = 357564416                                 {product} {ergonomic}
   size_t MinHeapDeltaBytes                        = 524288                                    {product} {ergonomic}
   size_t MinHeapSize                              = 104857600                                 {product} {command line}
   size_t NewSize                                  = 34603008                                  {product} {ergonomic}
    uintx NonNMethodCodeHeapSize                   = 5832780                                {pd product} {ergonomic}
    uintx NonProfiledCodeHeapSize                  = 122912730                              {pd product} {ergonomic}
   size_t OldSize                                  = 70254592                                  {product} {ergonomic}
    uintx ProfiledCodeHeapSize                     = 122912730                              {pd product} {ergonomic}
    uintx ReservedCodeCacheSize                    = 251658240                              {pd product} {ergonomic}
     bool SegmentedCodeCache                       = true                                      {product} {ergonomic}
   size_t SoftMaxHeapSize                          = 1073741824                             {manageable} {ergonomic}
     bool UseCompressedClassPointers               = true                           {product lp64_product} {ergonomic}
     bool UseCompressedOops                        = true                           {product lp64_product} {ergonomic}
     bool UseLargePagesIndividualAllocation        = false                                  {pd product} {ergonomic}
     bool UseParallelGC                            = true                                      {product} {command line}

Logging:
Log output configuration:
 #0: stdout all=off uptime,level,tags
 #1: stderr all=off uptime,level,tags

Environment Variables:
PATH=C:\Program Files\Microsoft\jdk-11.0.16.101-hotspot\bin;C:\Program Files\Eclipse Adoptium\jdk-17.0.4.101-hotspot\bin;C:\Program Files\Common Files\Oracle\Java\javapath;C:\WINDOWS\system32;C:\WINDOWS;C:\WINDOWS\System32\Wbem;C:\WINDOWS\System32\WindowsPowerShell\v1.0\;C:\WINDOWS\System32\OpenSSH\;C:\Program Files\Docker\Docker\resources\bin;C:\Program Files\Git\cmd;C:\Program Files\dotnet\;C:\Program Files (x86)\Microsoft SQL Server\160\Tools\Binn\;C:\Program Files\Microsoft SQL Server\160\Tools\Binn\;C:\Program Files\Microsoft SQL Server\Client SDK\ODBC\170\Tools\Binn\;C:\Program Files\Microsoft SQL Server\160\DTS\Binn\;C:\Program Files\Azure Data Studio\bin;C:\Program Files\Microsoft SQL Server\150\Tools\Binn\;C:\Users\thoma\AppData\Local\Microsoft\WindowsApps;C:\Program Files\Java\jdk-17.0.4.1\bin;C:\Users\thoma\AppData\Local\GitHubDesktop\bin;C:\Program Files (x86)\Brackets\;C:\Program Files\apache-maven-3.9.0\bin;C:\Users\thoma\AppData\Local\Programs\Python;C:\msys64\mingw64\bin;C:\Users\thoma\.dotnet\tools;C:\Program Files\Azure Data Studio\bin;D:\apache-maven-3.9.5\bin;
USERNAME=thoma
OS=Windows_NT
PROCESSOR_IDENTIFIER=AMD64 Family 23 Model 24 Stepping 1, AuthenticAMD
TMP=C:\Users\thoma\AppData\Local\Temp
TEMP=C:\Users\thoma\AppData\Local\Temp



---------------  S Y S T E M  ---------------

OS:
 Windows 11 , 64 bit Build 22621 (10.0.22621.2428)
OS uptime: 0 days 9:52 hours
Hyper-V role detected

CPU: total 4 (initial active 4) (4 cores per cpu, 2 threads per core) family 23 model 24 stepping 1 microcode 0x0, cx8, cmov, fxsr, ht, mmx, 3dnowpref, sse, sse2, sse3, ssse3, sse4a, sse4.1, sse4.2, popcnt, lzcnt, tsc, tscinvbit, avx, avx2, aes, clmul, bmi1, bmi2, adx, sha, fma, vzeroupper, clflush, clflushopt, hv
Processor Information for all 4 processors :
  Max Mhz: 2600, Current Mhz: 2600, Mhz Limit: 2600

Memory: 4k page, system-wide physical 6023M (879M free)
TotalPageFile size 8431M (AvailPageFile size 12M)
current process WorkingSet (physical memory assigned to process): 188M, peak: 195M
current process commit charge ("private bytes"): 272M, peak: 282M

vm_info: OpenJDK 64-Bit Server VM (17.0.8.1+1) for windows-amd64 JRE (17.0.8.1+1), built on Aug 23 2023 15:29:17 by "admin" with MS VC++ 16.7 (VS2019)

END.
